2024-03-19 13:19:53.675 [main] INFO  o.s.t.c.support.AnnotationConfigContextLoaderUtils - Could not detect default configuration classes for test class [com.edu.xmu.rag.core.CoreApplicationTests]: CoreApplicationTests does not declare any static, non-private, non-final, nested classes annotated with @Configuration.
2024-03-19 13:19:53.781 [main] INFO  o.s.b.t.context.SpringBootTestContextBootstrapper - Found @SpringBootConfiguration com.edu.xmu.rag.core.CoreApplication for test class com.edu.xmu.rag.core.CoreApplicationTests
2024-03-19 13:19:54.562 [background-preinit] INFO  org.hibernate.validator.internal.util.Version - HV000001: Hibernate Validator 8.0.0.Final
2024-03-19 13:19:54.593 [main] INFO  com.edu.xmu.rag.core.CoreApplicationTests - Starting CoreApplicationTests using Java 17.0.2 with PID 12440 (started by 小培 in D:\学习资料\毕设\rag\core)
2024-03-19 13:19:54.595 [main] INFO  com.edu.xmu.rag.core.CoreApplicationTests - No active profile set, falling back to 1 default profile: "default"
2024-03-19 13:19:55.920 [main] INFO  o.s.d.r.config.RepositoryConfigurationDelegate - Bootstrapping Spring Data JPA repositories in DEFAULT mode.
2024-03-19 13:19:55.957 [main] INFO  o.s.d.r.config.RepositoryConfigurationDelegate - Finished Spring Data repository scanning in 25 ms. Found 0 JPA repository interfaces.
2024-03-19 13:19:56.179 [main] INFO  o.springframework.cloud.context.scope.GenericScope - BeanFactory id=472dd912-b0f5-36e6-9bdc-074422107303
2024-03-19 13:19:56.719 [main] INFO  com.zaxxer.hikari.HikariDataSource - HikariPool-1 - Starting...
2024-03-19 13:19:57.070 [main] INFO  com.zaxxer.hikari.pool.HikariPool - HikariPool-1 - Added connection com.mysql.cj.jdbc.ConnectionImpl@16bbaab3
2024-03-19 13:19:57.075 [main] INFO  com.zaxxer.hikari.HikariDataSource - HikariPool-1 - Start completed.
2024-03-19 13:19:57.150 [main] INFO  org.hibernate.jpa.internal.util.LogHelper - HHH000204: Processing PersistenceUnitInfo [name: default]
2024-03-19 13:19:57.244 [main] INFO  org.hibernate.Version - HHH000412: Hibernate ORM core version 6.1.7.Final
2024-03-19 13:19:57.830 [main] INFO  SQL dialect - HHH000400: Using dialect: org.hibernate.dialect.MySQLDialect
2024-03-19 13:19:58.081 [main] INFO  o.h.e.t.jta.platform.internal.JtaPlatformInitiator - HHH000490: Using JtaPlatform implementation: [org.hibernate.engine.transaction.jta.platform.internal.NoJtaPlatform]
2024-03-19 13:19:58.093 [main] INFO  o.s.orm.jpa.LocalContainerEntityManagerFactoryBean - Initialized JPA EntityManagerFactory for persistence unit 'default'
2024-03-19 13:19:58.413 [main] WARN  o.s.b.a.o.j.JpaBaseConfiguration$JpaWebConfiguration - spring.jpa.open-in-view is enabled by default. Therefore, database queries may be performed during view rendering. Explicitly configure spring.jpa.open-in-view to disable this warning
2024-03-19 13:20:00.165 [main] INFO  o.s.b.actuate.endpoint.web.EndpointLinksResolver - Exposing 1 endpoint(s) beneath base path '/actuator'
2024-03-19 13:20:00.280 [main] INFO  com.edu.xmu.rag.core.CoreApplicationTests - Started CoreApplicationTests in 6.291 seconds (process running for 7.629)
2024-03-19 13:20:00.785 [SpringApplicationShutdownHook] INFO  o.s.orm.jpa.LocalContainerEntityManagerFactoryBean - Closing JPA EntityManagerFactory for persistence unit 'default'
2024-03-19 13:20:00.788 [SpringApplicationShutdownHook] INFO  com.zaxxer.hikari.HikariDataSource - HikariPool-1 - Shutdown initiated...
2024-03-19 13:20:00.799 [SpringApplicationShutdownHook] INFO  com.zaxxer.hikari.HikariDataSource - HikariPool-1 - Shutdown completed.
