2024-04-10 20:50:54.423 [background-preinit] INFO  org.hibernate.validator.internal.util.Version - HV000001: Hibernate Validator 8.0.0.Final
2024-04-10 20:50:54.471 [restartedMain] INFO  com.edu.xmu.rag.MainApplication - Starting MainApplication using Java 17.0.2 with PID 8 (D:\学习资料\毕设\rag\main\target\classes started by 小培 in D:\学习资料\毕设\rag)
2024-04-10 20:50:54.473 [restartedMain] INFO  com.edu.xmu.rag.MainApplication - No active profile set, falling back to 1 default profile: "default"
2024-04-10 20:50:54.536 [restartedMain] INFO  o.s.b.d.env.DevToolsPropertyDefaultsPostProcessor - Devtools property defaults active! Set 'spring.devtools.add-properties' to 'false' to disable
2024-04-10 20:50:54.542 [restartedMain] INFO  o.s.b.d.env.DevToolsPropertyDefaultsPostProcessor - For additional web related logging consider setting the 'logging.level.web' property to 'DEBUG'
2024-04-10 20:50:55.412 [restartedMain] INFO  o.s.d.r.config.RepositoryConfigurationDelegate - Bootstrapping Spring Data JPA repositories in DEFAULT mode.
2024-04-10 20:50:55.492 [restartedMain] INFO  o.s.d.r.config.RepositoryConfigurationDelegate - Finished Spring Data repository scanning in 70 ms. Found 5 JPA repository interfaces.
2024-04-10 20:50:56.072 [restartedMain] INFO  o.springframework.cloud.context.scope.GenericScope - BeanFactory id=e327908d-9e75-3919-ab79-5fa02d229d8e
2024-04-10 20:50:56.795 [restartedMain] INFO  o.s.boot.web.embedded.tomcat.TomcatWebServer - Tomcat initialized with port(s): 8080 (http)
2024-04-10 20:50:56.796 [restartedMain] INFO  org.apache.catalina.core.AprLifecycleListener - An older version [1.2.34] of the Apache Tomcat Native library is installed, while Tomcat recommends a minimum version of [2.0.1]
2024-04-10 20:50:56.797 [restartedMain] INFO  org.apache.catalina.core.AprLifecycleListener - Loaded Apache Tomcat Native library [1.2.34] using APR version [1.7.0].
2024-04-10 20:50:56.811 [restartedMain] INFO  org.apache.catalina.core.AprLifecycleListener - OpenSSL successfully initialized [OpenSSL 1.1.1o  3 May 2022]
2024-04-10 20:50:56.822 [restartedMain] INFO  org.apache.coyote.http11.Http11NioProtocol - Initializing ProtocolHandler ["http-nio-8080"]
2024-04-10 20:50:56.823 [restartedMain] INFO  org.apache.catalina.core.StandardService - Starting service [Tomcat]
2024-04-10 20:50:56.824 [restartedMain] INFO  org.apache.catalina.core.StandardEngine - Starting Servlet engine: [Apache Tomcat/10.1.5]
2024-04-10 20:50:56.934 [restartedMain] INFO  o.a.c.core.ContainerBase.[Tomcat].[localhost].[/] - Initializing Spring embedded WebApplicationContext
2024-04-10 20:50:56.934 [restartedMain] INFO  o.s.b.w.s.c.ServletWebServerApplicationContext - Root WebApplicationContext: initialization completed in 2391 ms
2024-04-10 20:50:57.211 [restartedMain] INFO  org.hibernate.jpa.internal.util.LogHelper - HHH000204: Processing PersistenceUnitInfo [name: default]
2024-04-10 20:50:57.254 [restartedMain] INFO  org.hibernate.Version - HHH000412: Hibernate ORM core version 6.1.7.Final
2024-04-10 20:50:57.502 [restartedMain] INFO  com.zaxxer.hikari.HikariDataSource - HikariPool-1 - Starting...
2024-04-10 20:50:57.776 [restartedMain] INFO  com.zaxxer.hikari.pool.HikariPool - HikariPool-1 - Added connection com.mysql.cj.jdbc.ConnectionImpl@13867214
2024-04-10 20:50:57.779 [restartedMain] INFO  com.zaxxer.hikari.HikariDataSource - HikariPool-1 - Start completed.
2024-04-10 20:50:57.793 [restartedMain] INFO  SQL dialect - HHH000400: Using dialect: org.hibernate.dialect.MySQL57Dialect
2024-04-10 20:50:57.795 [restartedMain] WARN  org.hibernate.orm.deprecation - HHH90000026: MySQL57Dialect has been deprecated; use org.hibernate.dialect.MySQLDialect instead
2024-04-10 20:50:58.536 [restartedMain] INFO  o.h.e.t.jta.platform.internal.JtaPlatformInitiator - HHH000490: Using JtaPlatform implementation: [org.hibernate.engine.transaction.jta.platform.internal.NoJtaPlatform]
2024-04-10 20:50:58.545 [restartedMain] INFO  o.s.orm.jpa.LocalContainerEntityManagerFactoryBean - Initialized JPA EntityManagerFactory for persistence unit 'default'
2024-04-10 20:50:58.935 [restartedMain] WARN  o.s.b.a.o.j.JpaBaseConfiguration$JpaWebConfiguration - spring.jpa.open-in-view is enabled by default. Therefore, database queries may be performed during view rendering. Explicitly configure spring.jpa.open-in-view to disable this warning
2024-04-10 20:50:59.484 [restartedMain] INFO  o.s.b.d.autoconfigure.OptionalLiveReloadServer - LiveReload server is running on port 35729
2024-04-10 20:50:59.672 [restartedMain] INFO  o.s.b.actuate.endpoint.web.EndpointLinksResolver - Exposing 1 endpoint(s) beneath base path '/actuator'
2024-04-10 20:50:59.743 [restartedMain] INFO  org.apache.coyote.http11.Http11NioProtocol - Starting ProtocolHandler ["http-nio-8080"]
2024-04-10 20:50:59.765 [restartedMain] INFO  o.s.boot.web.embedded.tomcat.TomcatWebServer - Tomcat started on port(s): 8080 (http) with context path ''
2024-04-10 20:51:00.102 [restartedMain] INFO  com.edu.xmu.rag.MainApplication - Started MainApplication in 6.39 seconds (process running for 7.651)
2024-04-10 20:51:33.065 [http-nio-8080-exec-1] INFO  o.a.c.core.ContainerBase.[Tomcat].[localhost].[/] - Initializing Spring DispatcherServlet 'dispatcherServlet'
2024-04-10 20:51:33.065 [http-nio-8080-exec-1] INFO  org.springframework.web.servlet.DispatcherServlet - Initializing Servlet 'dispatcherServlet'
2024-04-10 20:51:33.068 [http-nio-8080-exec-1] INFO  org.springframework.web.servlet.DispatcherServlet - Completed initialization in 3 ms
2024-04-10 21:02:37.778 [SpringApplicationShutdownHook] INFO  o.s.orm.jpa.LocalContainerEntityManagerFactoryBean - Closing JPA EntityManagerFactory for persistence unit 'default'
2024-04-10 21:02:37.786 [SpringApplicationShutdownHook] INFO  com.zaxxer.hikari.HikariDataSource - HikariPool-1 - Shutdown initiated...
2024-04-10 21:02:37.815 [SpringApplicationShutdownHook] INFO  com.zaxxer.hikari.HikariDataSource - HikariPool-1 - Shutdown completed.
2024-04-10 21:02:45.150 [background-preinit] INFO  org.hibernate.validator.internal.util.Version - HV000001: Hibernate Validator 8.0.0.Final
2024-04-10 21:02:45.197 [restartedMain] INFO  com.edu.xmu.rag.MainApplication - Starting MainApplication using Java 17.0.2 with PID 5336 (D:\学习资料\毕设\rag\main\target\classes started by 小培 in D:\学习资料\毕设\rag)
2024-04-10 21:02:45.198 [restartedMain] INFO  com.edu.xmu.rag.MainApplication - No active profile set, falling back to 1 default profile: "default"
2024-04-10 21:02:45.259 [restartedMain] INFO  o.s.b.d.env.DevToolsPropertyDefaultsPostProcessor - Devtools property defaults active! Set 'spring.devtools.add-properties' to 'false' to disable
2024-04-10 21:02:45.259 [restartedMain] INFO  o.s.b.d.env.DevToolsPropertyDefaultsPostProcessor - For additional web related logging consider setting the 'logging.level.web' property to 'DEBUG'
2024-04-10 21:02:45.987 [restartedMain] INFO  o.s.d.r.config.RepositoryConfigurationDelegate - Bootstrapping Spring Data JPA repositories in DEFAULT mode.
2024-04-10 21:02:46.049 [restartedMain] INFO  o.s.d.r.config.RepositoryConfigurationDelegate - Finished Spring Data repository scanning in 56 ms. Found 5 JPA repository interfaces.
2024-04-10 21:02:46.478 [restartedMain] INFO  o.springframework.cloud.context.scope.GenericScope - BeanFactory id=e327908d-9e75-3919-ab79-5fa02d229d8e
2024-04-10 21:02:46.929 [restartedMain] INFO  o.s.boot.web.embedded.tomcat.TomcatWebServer - Tomcat initialized with port(s): 8080 (http)
2024-04-10 21:02:46.930 [restartedMain] INFO  org.apache.catalina.core.AprLifecycleListener - An older version [1.2.34] of the Apache Tomcat Native library is installed, while Tomcat recommends a minimum version of [2.0.1]
2024-04-10 21:02:46.930 [restartedMain] INFO  org.apache.catalina.core.AprLifecycleListener - Loaded Apache Tomcat Native library [1.2.34] using APR version [1.7.0].
2024-04-10 21:02:46.933 [restartedMain] INFO  org.apache.catalina.core.AprLifecycleListener - OpenSSL successfully initialized [OpenSSL 1.1.1o  3 May 2022]
2024-04-10 21:02:46.938 [restartedMain] INFO  org.apache.coyote.http11.Http11NioProtocol - Initializing ProtocolHandler ["http-nio-8080"]
2024-04-10 21:02:46.940 [restartedMain] INFO  org.apache.catalina.core.StandardService - Starting service [Tomcat]
2024-04-10 21:02:46.940 [restartedMain] INFO  org.apache.catalina.core.StandardEngine - Starting Servlet engine: [Apache Tomcat/10.1.5]
2024-04-10 21:02:47.005 [restartedMain] INFO  o.a.c.core.ContainerBase.[Tomcat].[localhost].[/] - Initializing Spring embedded WebApplicationContext
2024-04-10 21:02:47.006 [restartedMain] INFO  o.s.b.w.s.c.ServletWebServerApplicationContext - Root WebApplicationContext: initialization completed in 1746 ms
2024-04-10 21:02:47.184 [restartedMain] INFO  org.hibernate.jpa.internal.util.LogHelper - HHH000204: Processing PersistenceUnitInfo [name: default]
2024-04-10 21:02:47.210 [restartedMain] INFO  org.hibernate.Version - HHH000412: Hibernate ORM core version 6.1.7.Final
2024-04-10 21:02:47.361 [restartedMain] INFO  com.zaxxer.hikari.HikariDataSource - HikariPool-1 - Starting...
2024-04-10 21:02:47.546 [restartedMain] INFO  com.zaxxer.hikari.pool.HikariPool - HikariPool-1 - Added connection com.mysql.cj.jdbc.ConnectionImpl@7350a394
2024-04-10 21:02:47.548 [restartedMain] INFO  com.zaxxer.hikari.HikariDataSource - HikariPool-1 - Start completed.
2024-04-10 21:02:47.558 [restartedMain] INFO  SQL dialect - HHH000400: Using dialect: org.hibernate.dialect.MySQL57Dialect
2024-04-10 21:02:47.559 [restartedMain] WARN  org.hibernate.orm.deprecation - HHH90000026: MySQL57Dialect has been deprecated; use org.hibernate.dialect.MySQLDialect instead
2024-04-10 21:02:48.087 [restartedMain] INFO  o.h.e.t.jta.platform.internal.JtaPlatformInitiator - HHH000490: Using JtaPlatform implementation: [org.hibernate.engine.transaction.jta.platform.internal.NoJtaPlatform]
2024-04-10 21:02:48.094 [restartedMain] INFO  o.s.orm.jpa.LocalContainerEntityManagerFactoryBean - Initialized JPA EntityManagerFactory for persistence unit 'default'
2024-04-10 21:02:48.421 [restartedMain] WARN  o.s.b.a.o.j.JpaBaseConfiguration$JpaWebConfiguration - spring.jpa.open-in-view is enabled by default. Therefore, database queries may be performed during view rendering. Explicitly configure spring.jpa.open-in-view to disable this warning
2024-04-10 21:02:48.951 [restartedMain] INFO  o.s.b.d.autoconfigure.OptionalLiveReloadServer - LiveReload server is running on port 35729
2024-04-10 21:02:49.146 [restartedMain] INFO  o.s.b.actuate.endpoint.web.EndpointLinksResolver - Exposing 1 endpoint(s) beneath base path '/actuator'
2024-04-10 21:02:49.208 [restartedMain] INFO  org.apache.coyote.http11.Http11NioProtocol - Starting ProtocolHandler ["http-nio-8080"]
2024-04-10 21:02:49.229 [restartedMain] INFO  o.s.boot.web.embedded.tomcat.TomcatWebServer - Tomcat started on port(s): 8080 (http) with context path ''
2024-04-10 21:02:49.559 [restartedMain] INFO  com.edu.xmu.rag.MainApplication - Started MainApplication in 5.076 seconds (process running for 6.359)
2024-04-10 21:03:02.578 [http-nio-8080-exec-1] INFO  o.a.c.core.ContainerBase.[Tomcat].[localhost].[/] - Initializing Spring DispatcherServlet 'dispatcherServlet'
2024-04-10 21:03:02.579 [http-nio-8080-exec-1] INFO  org.springframework.web.servlet.DispatcherServlet - Initializing Servlet 'dispatcherServlet'
2024-04-10 21:03:02.582 [http-nio-8080-exec-1] INFO  org.springframework.web.servlet.DispatcherServlet - Completed initialization in 3 ms
2024-04-10 21:09:09.499 [SpringApplicationShutdownHook] INFO  o.s.orm.jpa.LocalContainerEntityManagerFactoryBean - Closing JPA EntityManagerFactory for persistence unit 'default'
2024-04-10 21:09:09.504 [SpringApplicationShutdownHook] INFO  com.zaxxer.hikari.HikariDataSource - HikariPool-1 - Shutdown initiated...
2024-04-10 21:09:09.520 [SpringApplicationShutdownHook] INFO  com.zaxxer.hikari.HikariDataSource - HikariPool-1 - Shutdown completed.
