2024-04-10 20:50:31.816 [background-preinit] INFO  org.hibernate.validator.internal.util.Version - HV000001: Hibernate Validator 8.0.0.Final
2024-04-10 20:50:31.878 [main] INFO  com.edu.xmu.rag.dao.UserDaoTest - Starting UserDaoTest using Java 17.0.2 with PID 15956 (started by 小培 in D:\学习资料\毕设\rag\main)
2024-04-10 20:50:31.879 [main] DEBUG com.edu.xmu.rag.dao.UserDaoTest - Running with Spring Boot v3.0.4, Spring v6.0.6
2024-04-10 20:50:31.881 [main] INFO  com.edu.xmu.rag.dao.UserDaoTest - No active profile set, falling back to 1 default profile: "default"
2024-04-10 20:50:33.178 [main] INFO  o.s.d.r.config.RepositoryConfigurationDelegate - Bootstrapping Spring Data JPA repositories in DEFAULT mode.
2024-04-10 20:50:33.362 [main] INFO  o.s.d.r.config.RepositoryConfigurationDelegate - Finished Spring Data repository scanning in 173 ms. Found 5 JPA repository interfaces.
2024-04-10 20:50:34.300 [main] INFO  o.springframework.cloud.context.scope.GenericScope - BeanFactory id=1fa3266f-96db-3e50-a208-12a2c49080e8
2024-04-10 20:50:35.001 [main] INFO  org.hibernate.jpa.internal.util.LogHelper - HHH000204: Processing PersistenceUnitInfo [name: default]
2024-04-10 20:50:35.098 [main] INFO  org.hibernate.Version - HHH000412: Hibernate ORM core version 6.1.7.Final
2024-04-10 20:50:35.795 [main] INFO  com.zaxxer.hikari.HikariDataSource - HikariPool-1 - Starting...
2024-04-10 20:50:36.277 [main] INFO  com.zaxxer.hikari.pool.HikariPool - HikariPool-1 - Added connection com.mysql.cj.jdbc.ConnectionImpl@13cf5f8a
2024-04-10 20:50:36.281 [main] INFO  com.zaxxer.hikari.HikariDataSource - HikariPool-1 - Start completed.
2024-04-10 20:50:36.297 [main] INFO  SQL dialect - HHH000400: Using dialect: org.hibernate.dialect.MySQL57Dialect
2024-04-10 20:50:36.299 [main] WARN  org.hibernate.orm.deprecation - HHH90000026: MySQL57Dialect has been deprecated; use org.hibernate.dialect.MySQLDialect instead
2024-04-10 20:50:37.449 [main] INFO  o.h.e.t.jta.platform.internal.JtaPlatformInitiator - HHH000490: Using JtaPlatform implementation: [org.hibernate.engine.transaction.jta.platform.internal.NoJtaPlatform]
2024-04-10 20:50:37.457 [main] INFO  o.s.orm.jpa.LocalContainerEntityManagerFactoryBean - Initialized JPA EntityManagerFactory for persistence unit 'default'
2024-04-10 20:50:38.693 [main] WARN  o.s.b.a.o.j.JpaBaseConfiguration$JpaWebConfiguration - spring.jpa.open-in-view is enabled by default. Therefore, database queries may be performed during view rendering. Explicitly configure spring.jpa.open-in-view to disable this warning
2024-04-10 20:50:40.394 [main] INFO  o.s.b.actuate.endpoint.web.EndpointLinksResolver - Exposing 1 endpoint(s) beneath base path '/actuator'
2024-04-10 20:50:40.536 [main] INFO  com.edu.xmu.rag.dao.UserDaoTest - Started UserDaoTest in 9.311 seconds (process running for 10.86)
2024-04-10 20:50:40.929 [main] DEBUG com.edu.xmu.rag.dao.UserDao - insertUser: po = UserPo(id=null, account=1351049203, name=test, password=password, status=0, type=0, token=null)
2024-04-10 20:50:41.017 [main] DEBUG com.edu.xmu.rag.dao.UserDao - insertUser: id = 36
2024-04-10 20:50:41.019 [main] DEBUG com.edu.xmu.rag.dao.UserDao - saveUser: po = UserPo(id=36, account=1351049203, name=test, password=password, status=0, type=1, token=null)
2024-04-10 20:50:41.021 [main] INFO  c.e.x.r.core.jpa.SelectiveUpdateJpaRepositoryImpl - getValueByPropertyName : method = getId
2024-04-10 20:50:41.021 [main] INFO  c.e.x.r.core.jpa.SelectiveUpdateJpaRepositoryImpl - getValueByPropertyName : method = getAccount
2024-04-10 20:50:41.021 [main] INFO  c.e.x.r.core.jpa.SelectiveUpdateJpaRepositoryImpl - getValueByPropertyName : method = getName
2024-04-10 20:50:41.021 [main] INFO  c.e.x.r.core.jpa.SelectiveUpdateJpaRepositoryImpl - getValueByPropertyName : method = getPassword
2024-04-10 20:50:41.021 [main] INFO  c.e.x.r.core.jpa.SelectiveUpdateJpaRepositoryImpl - getValueByPropertyName : method = getStatus
2024-04-10 20:50:41.021 [main] INFO  c.e.x.r.core.jpa.SelectiveUpdateJpaRepositoryImpl - getValueByPropertyName : method = getType
2024-04-10 20:50:41.022 [main] INFO  c.e.x.r.core.jpa.SelectiveUpdateJpaRepositoryImpl - getValueByPropertyName : method = getToken
2024-04-10 20:50:41.022 [main] INFO  c.e.x.r.core.jpa.SelectiveUpdateJpaRepositoryImpl - getSql : sql = update user set account = 1351049203, name = 'test', password = 'password', status = 0, type = 1 where id = 36;
2024-04-10 20:50:41.062 [main] DEBUG com.edu.xmu.rag.dao.UserDao - saveUser: saved = UserPo(id=36, account=1351049203, name=test, password=password, status=0, type=1, token=null)
2024-04-10 20:50:41.136 [main] DEBUG com.edu.xmu.rag.dao.UserDao - insertUser: po = UserPo(id=null, account=1351049203, name=test, password=password, status=0, type=0, token=null)
2024-04-10 20:50:41.141 [main] DEBUG com.edu.xmu.rag.dao.UserDao - insertUser: id = 37
2024-04-10 20:50:41.245 [main] DEBUG com.edu.xmu.rag.dao.UserDao - insertUser: po = UserPo(id=null, account=1351049203, name=test, password=password, status=0, type=0, token=null)
2024-04-10 20:50:41.249 [main] DEBUG com.edu.xmu.rag.dao.UserDao - insertUser: id = 38
2024-04-10 20:50:41.261 [main] DEBUG com.edu.xmu.rag.dao.UserDao - insertUser: po = UserPo(id=null, account=1351049203, name=test, password=password, status=0, type=0, token=null)
2024-04-10 20:50:41.265 [main] DEBUG com.edu.xmu.rag.dao.UserDao - insertUser: id = 39
2024-04-10 20:50:41.341 [SpringApplicationShutdownHook] INFO  o.s.orm.jpa.LocalContainerEntityManagerFactoryBean - Closing JPA EntityManagerFactory for persistence unit 'default'
2024-04-10 20:50:41.345 [SpringApplicationShutdownHook] INFO  com.zaxxer.hikari.HikariDataSource - HikariPool-1 - Shutdown initiated...
2024-04-10 20:50:41.361 [SpringApplicationShutdownHook] INFO  com.zaxxer.hikari.HikariDataSource - HikariPool-1 - Shutdown completed.
